2018-09-05 17:31:00,168 INFO c.e.GoodTestApplication [main]  starting app
2018-09-05 17:31:01,833 INFO o.s.b.StartupInfoLogger [main] Starting GoodTestApplication on SUDHENDU-LT with PID 10116 (E:\CODE-BASE\thoughtsServer\target\classes started by sudhendu.kumar in E:\CODE-BASE\thoughtsServer)
2018-09-05 17:31:01,834 INFO o.s.b.SpringApplication [main] No active profile set, falling back to default profiles: default
2018-09-05 17:31:02,045 INFO o.s.c.s.AbstractApplicationContext [main] Refreshing org.springframework.boot.context.embedded.AnnotationConfigEmbeddedWebApplicationContext@379396a8: startup date [Wed Sep 05 17:31:02 IST 2018]; root of context hierarchy
2018-09-05 17:31:05,971 INFO o.h.v.i.u.Version [background-preinit] HV000001: Hibernate Validator 5.3.6.Final
2018-09-05 17:31:11,192 INFO o.s.b.f.s.DefaultListableBeanFactory [main] Overriding bean definition for bean 'httpRequestHandlerAdapter' with a different definition: replacing [Root bean: class [null]; scope=; abstract=false; lazyInit=false; autowireMode=3; dependencyCheck=0; autowireCandidate=true; primary=false; factoryBeanName=org.springframework.boot.autoconfigure.web.WebMvcAutoConfiguration$EnableWebMvcConfiguration; factoryMethodName=httpRequestHandlerAdapter; initMethodName=null; destroyMethodName=(inferred); defined in class path resource [org/springframework/boot/autoconfigure/web/WebMvcAutoConfiguration$EnableWebMvcConfiguration.class]] with [Root bean: class [null]; scope=; abstract=false; lazyInit=false; autowireMode=3; dependencyCheck=0; autowireCandidate=true; primary=false; factoryBeanName=org.springframework.data.rest.webmvc.config.RepositoryRestMvcConfiguration; factoryMethodName=httpRequestHandlerAdapter; initMethodName=null; destroyMethodName=(inferred); defined in class path resource [org/springframework/data/rest/webmvc/config/RepositoryRestMvcConfiguration.class]]
2018-09-05 17:31:11,390 INFO o.s.b.f.s.DefaultListableBeanFactory [main] Overriding bean definition for bean 'managementServletContext' with a different definition: replacing [Root bean: class [null]; scope=; abstract=false; lazyInit=false; autowireMode=3; dependencyCheck=0; autowireCandidate=true; primary=false; factoryBeanName=org.springframework.boot.actuate.autoconfigure.EndpointWebMvcHypermediaManagementContextConfiguration; factoryMethodName=managementServletContext; initMethodName=null; destroyMethodName=(inferred); defined in class path resource [org/springframework/boot/actuate/autoconfigure/EndpointWebMvcHypermediaManagementContextConfiguration.class]] with [Root bean: class [null]; scope=; abstract=false; lazyInit=false; autowireMode=3; dependencyCheck=0; autowireCandidate=true; primary=false; factoryBeanName=org.springframework.boot.actuate.autoconfigure.EndpointWebMvcAutoConfiguration; factoryMethodName=managementServletContext; initMethodName=null; destroyMethodName=(inferred); defined in class path resource [org/springframework/boot/actuate/autoconfigure/EndpointWebMvcAutoConfiguration.class]]
2018-09-05 17:31:12,517 INFO o.s.c.s.PostProcessorRegistrationDelegate$BeanPostProcessorChecker [main] Bean 'org.springframework.transaction.annotation.ProxyTransactionManagementConfiguration' of type [org.springframework.transaction.annotation.ProxyTransactionManagementConfiguration$$EnhancerBySpringCGLIB$$1ae6fb71] is not eligible for getting processed by all BeanPostProcessors (for example: not eligible for auto-proxying)
2018-09-05 17:31:14,586 INFO o.s.b.c.e.t.TomcatEmbeddedServletContainer [main] Tomcat initialized with port(s): 8181 (http)
2018-09-05 17:31:14,636 INFO o.a.j.l.DirectJDKLog [main] Starting service [Tomcat]
2018-09-05 17:31:14,638 INFO o.a.j.l.DirectJDKLog [main] Starting Servlet Engine: Apache Tomcat/8.5.23
2018-09-05 17:31:14,891 INFO o.a.j.l.DirectJDKLog [localhost-startStop-1] Initializing Spring embedded WebApplicationContext
2018-09-05 17:31:14,892 INFO o.s.b.c.e.EmbeddedWebApplicationContext [localhost-startStop-1] Root WebApplicationContext: initialization completed in 12851 ms
2018-09-05 17:31:17,818 INFO o.s.j.d.i.ScriptUtils [localhost-startStop-1] Executing SQL script from URL [file:/E:/CODE-BASE/thoughtsServer/target/classes/schema.sql]
2018-09-05 17:31:18,297 INFO o.s.j.d.i.ScriptUtils [localhost-startStop-1] Executed SQL script from URL [file:/E:/CODE-BASE/thoughtsServer/target/classes/schema.sql] in 478 ms.
2018-09-05 17:31:18,301 INFO o.s.j.d.i.ScriptUtils [localhost-startStop-1] Executing SQL script from URL [file:/E:/CODE-BASE/thoughtsServer/target/classes/data.sql]
2018-09-05 17:31:18,363 INFO o.s.j.d.i.ScriptUtils [localhost-startStop-1] Executed SQL script from URL [file:/E:/CODE-BASE/thoughtsServer/target/classes/data.sql] in 61 ms.
2018-09-05 17:31:19,834 INFO o.s.b.w.s.ServletRegistrationBean [localhost-startStop-1] Mapping servlet: 'CXFServlet' to [/services/*]
2018-09-05 17:31:19,837 INFO o.s.b.w.s.ServletRegistrationBean [localhost-startStop-1] Mapping servlet: 'dispatcherServlet' to [/]
2018-09-05 17:31:19,845 INFO o.s.b.w.s.ServletRegistrationBean [localhost-startStop-1] Mapping servlet: 'CXFServlet' to [/services/*]
2018-09-05 17:31:19,846 INFO o.s.b.w.s.ServletRegistrationBean [localhost-startStop-1] Servlet CXFServlet was not registered (possibly already registered?)
2018-09-05 17:31:19,846 INFO o.s.b.w.s.ServletRegistrationBean [localhost-startStop-1] Mapping servlet: 'webServlet' to [/h2/*]
2018-09-05 17:31:19,854 INFO o.s.b.w.s.AbstractFilterRegistrationBean [localhost-startStop-1] Mapping filter: 'metricsFilter' to: [/*]
2018-09-05 17:31:19,855 INFO o.s.b.w.s.AbstractFilterRegistrationBean [localhost-startStop-1] Mapping filter: 'characterEncodingFilter' to: [/*]
2018-09-05 17:31:19,855 INFO o.s.b.w.s.AbstractFilterRegistrationBean [localhost-startStop-1] Mapping filter: 'hiddenHttpMethodFilter' to: [/*]
2018-09-05 17:31:19,855 INFO o.s.b.w.s.AbstractFilterRegistrationBean [localhost-startStop-1] Mapping filter: 'httpPutFormContentFilter' to: [/*]
2018-09-05 17:31:19,856 INFO o.s.b.w.s.AbstractFilterRegistrationBean [localhost-startStop-1] Mapping filter: 'requestContextFilter' to: [/*]
2018-09-05 17:31:19,856 INFO o.s.b.w.s.AbstractFilterRegistrationBean [localhost-startStop-1] Mapping filter: 'webRequestLoggingFilter' to: [/*]
2018-09-05 17:31:19,856 INFO o.s.b.w.s.AbstractFilterRegistrationBean [localhost-startStop-1] Mapping filter: 'applicationContextIdFilter' to: [/*]
2018-09-05 17:31:23,864 INFO o.s.w.s.h.AbstractHandlerMethodMapping$MappingRegistry [main] Mapped "{[/User/create],methods=[POST]}" onto public org.springframework.http.ResponseEntity<com.example.dto.Users> com.example.controller.RestControllers.createUser(com.example.dto.Users)
2018-09-05 17:31:23,866 INFO o.s.w.s.h.AbstractHandlerMethodMapping$MappingRegistry [main] Mapped "{[/User/createUserBatch],methods=[POST]}" onto public org.springframework.http.ResponseEntity<java.util.List<com.example.dto.Users>> com.example.controller.RestControllers.createBatchUser(java.util.List<com.example.dto.Users>)
2018-09-05 17:31:23,867 INFO o.s.w.s.h.AbstractHandlerMethodMapping$MappingRegistry [main] Mapped "{[/User/fetch/{id}],methods=[GET]}" onto public com.example.dto.Users com.example.controller.RestControllers.getByUserId(long)
2018-09-05 17:31:23,875 INFO o.s.w.s.h.AbstractHandlerMethodMapping$MappingRegistry [main] Mapped "{[/User/fetch],methods=[GET]}" onto public java.util.List<com.example.dto.Users> com.example.controller.RestControllers.getAllUsers()
2018-09-05 17:31:23,876 INFO o.s.w.s.h.AbstractHandlerMethodMapping$MappingRegistry [main] Mapped "{[/User/delete/{id}],methods=[DELETE]}" onto public org.springframework.http.ResponseEntity<com.example.dto.Users> com.example.controller.RestControllers.deleteUser(long)
2018-09-05 17:31:23,877 INFO o.s.w.s.h.AbstractHandlerMethodMapping$MappingRegistry [main] Mapped "{[/User/update],methods=[PUT]}" onto public org.springframework.http.ResponseEntity<com.example.dto.Users> com.example.controller.RestControllers.updateUser(com.example.dto.Users)
2018-09-05 17:31:23,878 INFO o.s.w.s.h.AbstractHandlerMethodMapping$MappingRegistry [main] Mapped "{[/User/upload],methods=[POST]}" onto public java.lang.String com.example.controller.RestControllers.uploadFile(org.springframework.web.multipart.MultipartFile)
2018-09-05 17:31:23,880 INFO o.s.w.s.h.AbstractHandlerMethodMapping$MappingRegistry [main] Mapped "{[/v2/api-docs],methods=[GET],produces=[application/json || application/hal+json]}" onto public org.springframework.http.ResponseEntity<springfox.documentation.spring.web.json.Json> springfox.documentation.swagger2.web.Swagger2Controller.getDocumentation(java.lang.String,javax.servlet.http.HttpServletRequest)
2018-09-05 17:31:23,886 INFO o.s.w.s.h.AbstractHandlerMethodMapping$MappingRegistry [main] Mapped "{[/configuration/ui]}" onto org.springframework.http.ResponseEntity<springfox.documentation.swagger.web.UiConfiguration> springfox.documentation.swagger.web.ApiResourceController.uiConfiguration()
2018-09-05 17:31:23,888 INFO o.s.w.s.h.AbstractHandlerMethodMapping$MappingRegistry [main] Mapped "{[/swagger-resources]}" onto org.springframework.http.ResponseEntity<java.util.List<springfox.documentation.swagger.web.SwaggerResource>> springfox.documentation.swagger.web.ApiResourceController.swaggerResources()
2018-09-05 17:31:23,889 INFO o.s.w.s.h.AbstractHandlerMethodMapping$MappingRegistry [main] Mapped "{[/configuration/security]}" onto org.springframework.http.ResponseEntity<springfox.documentation.swagger.web.SecurityConfiguration> springfox.documentation.swagger.web.ApiResourceController.securityConfiguration()
2018-09-05 17:31:23,894 INFO o.s.w.s.h.AbstractHandlerMethodMapping$MappingRegistry [main] Mapped "{[/error]}" onto public org.springframework.http.ResponseEntity<java.util.Map<java.lang.String, java.lang.Object>> org.springframework.boot.autoconfigure.web.BasicErrorController.error(javax.servlet.http.HttpServletRequest)
2018-09-05 17:31:23,895 INFO o.s.w.s.h.AbstractHandlerMethodMapping$MappingRegistry [main] Mapped "{[/error],produces=[text/html]}" onto public org.springframework.web.servlet.ModelAndView org.springframework.boot.autoconfigure.web.BasicErrorController.errorHtml(javax.servlet.http.HttpServletRequest,javax.servlet.http.HttpServletResponse)
2018-09-05 17:31:24,517 INFO o.s.w.s.h.AbstractHandlerMethodMapping$MappingRegistry [main] Mapped "{[/actuator || /actuator.json],methods=[GET],produces=[application/vnd.spring-boot.actuator.v1+json || application/json]}" onto public org.springframework.hateoas.ResourceSupport org.springframework.boot.actuate.endpoint.mvc.HalJsonMvcEndpoint.links()
2018-09-05 17:31:24,519 INFO o.s.w.s.h.AbstractHandlerMethodMapping$MappingRegistry [main] Mapped "{[/trace || /trace.json],methods=[GET],produces=[application/vnd.spring-boot.actuator.v1+json || application/json]}" onto public java.lang.Object org.springframework.boot.actuate.endpoint.mvc.EndpointMvcAdapter.invoke()
2018-09-05 17:31:24,523 INFO o.s.w.s.h.AbstractHandlerMethodMapping$MappingRegistry [main] Mapped "{[/dump || /dump.json],methods=[GET],produces=[application/vnd.spring-boot.actuator.v1+json || application/json]}" onto public java.lang.Object org.springframework.boot.actuate.endpoint.mvc.EndpointMvcAdapter.invoke()
2018-09-05 17:31:24,536 INFO o.s.w.s.h.AbstractHandlerMethodMapping$MappingRegistry [main] Mapped "{[/info || /info.json],methods=[GET],produces=[application/vnd.spring-boot.actuator.v1+json || application/json]}" onto public java.lang.Object org.springframework.boot.actuate.endpoint.mvc.EndpointMvcAdapter.invoke()
2018-09-05 17:31:24,539 INFO o.s.w.s.h.AbstractHandlerMethodMapping$MappingRegistry [main] Mapped "{[/env/{name:.*}],methods=[GET],produces=[application/vnd.spring-boot.actuator.v1+json || application/json]}" onto public java.lang.Object org.springframework.boot.actuate.endpoint.mvc.EnvironmentMvcEndpoint.value(java.lang.String)
2018-09-05 17:31:24,543 INFO o.s.w.s.h.AbstractHandlerMethodMapping$MappingRegistry [main] Mapped "{[/env || /env.json],methods=[GET],produces=[application/vnd.spring-boot.actuator.v1+json || application/json]}" onto public java.lang.Object org.springframework.boot.actuate.endpoint.mvc.EndpointMvcAdapter.invoke()
2018-09-05 17:31:24,548 INFO o.s.w.s.h.AbstractHandlerMethodMapping$MappingRegistry [main] Mapped "{[/beans || /beans.json],methods=[GET],produces=[application/vnd.spring-boot.actuator.v1+json || application/json]}" onto public java.lang.Object org.springframework.boot.actuate.endpoint.mvc.EndpointMvcAdapter.invoke()
2018-09-05 17:31:24,550 INFO o.s.w.s.h.AbstractHandlerMethodMapping$MappingRegistry [main] Mapped "{[/configprops || /configprops.json],methods=[GET],produces=[application/vnd.spring-boot.actuator.v1+json || application/json]}" onto public java.lang.Object org.springframework.boot.actuate.endpoint.mvc.EndpointMvcAdapter.invoke()
2018-09-05 17:31:24,552 INFO o.s.w.s.h.AbstractHandlerMethodMapping$MappingRegistry [main] Mapped "{[/auditevents || /auditevents.json],methods=[GET],produces=[application/vnd.spring-boot.actuator.v1+json || application/json]}" onto public org.springframework.http.ResponseEntity<?> org.springframework.boot.actuate.endpoint.mvc.AuditEventsMvcEndpoint.findByPrincipalAndAfterAndType(java.lang.String,java.util.Date,java.lang.String)
2018-09-05 17:31:24,554 INFO o.s.w.s.h.AbstractHandlerMethodMapping$MappingRegistry [main] Mapped "{[/mappings || /mappings.json],methods=[GET],produces=[application/vnd.spring-boot.actuator.v1+json || application/json]}" onto public java.lang.Object org.springframework.boot.actuate.endpoint.mvc.EndpointMvcAdapter.invoke()
2018-09-05 17:31:24,556 INFO o.s.w.s.h.AbstractHandlerMethodMapping$MappingRegistry [main] Mapped "{[/metrics/{name:.*}],methods=[GET],produces=[application/vnd.spring-boot.actuator.v1+json || application/json]}" onto public java.lang.Object org.springframework.boot.actuate.endpoint.mvc.MetricsMvcEndpoint.value(java.lang.String)
2018-09-05 17:31:24,557 INFO o.s.w.s.h.AbstractHandlerMethodMapping$MappingRegistry [main] Mapped "{[/metrics || /metrics.json],methods=[GET],produces=[application/vnd.spring-boot.actuator.v1+json || application/json]}" onto public java.lang.Object org.springframework.boot.actuate.endpoint.mvc.EndpointMvcAdapter.invoke()
2018-09-05 17:31:24,559 INFO o.s.w.s.h.AbstractHandlerMethodMapping$MappingRegistry [main] Mapped "{[/heapdump || /heapdump.json],methods=[GET],produces=[application/octet-stream]}" onto public void org.springframework.boot.actuate.endpoint.mvc.HeapdumpMvcEndpoint.invoke(boolean,javax.servlet.http.HttpServletRequest,javax.servlet.http.HttpServletResponse) throws java.io.IOException,javax.servlet.ServletException
2018-09-05 17:31:24,562 INFO o.s.w.s.h.AbstractHandlerMethodMapping$MappingRegistry [main] Mapped "{[/autoconfig || /autoconfig.json],methods=[GET],produces=[application/vnd.spring-boot.actuator.v1+json || application/json]}" onto public java.lang.Object org.springframework.boot.actuate.endpoint.mvc.EndpointMvcAdapter.invoke()
2018-09-05 17:31:24,566 INFO o.s.w.s.h.AbstractHandlerMethodMapping$MappingRegistry [main] Mapped "{[/loggers/{name:.*}],methods=[GET],produces=[application/vnd.spring-boot.actuator.v1+json || application/json]}" onto public java.lang.Object org.springframework.boot.actuate.endpoint.mvc.LoggersMvcEndpoint.get(java.lang.String)
2018-09-05 17:31:24,566 INFO o.s.w.s.h.AbstractHandlerMethodMapping$MappingRegistry [main] Mapped "{[/loggers/{name:.*}],methods=[POST],consumes=[application/vnd.spring-boot.actuator.v1+json || application/json],produces=[application/vnd.spring-boot.actuator.v1+json || application/json]}" onto public java.lang.Object org.springframework.boot.actuate.endpoint.mvc.LoggersMvcEndpoint.set(java.lang.String,java.util.Map<java.lang.String, java.lang.String>)
2018-09-05 17:31:24,567 INFO o.s.w.s.h.AbstractHandlerMethodMapping$MappingRegistry [main] Mapped "{[/loggers || /loggers.json],methods=[GET],produces=[application/vnd.spring-boot.actuator.v1+json || application/json]}" onto public java.lang.Object org.springframework.boot.actuate.endpoint.mvc.EndpointMvcAdapter.invoke()
2018-09-05 17:31:24,584 INFO o.s.w.s.h.AbstractHandlerMethodMapping$MappingRegistry [main] Mapped "{[/health || /health.json],methods=[GET],produces=[application/vnd.spring-boot.actuator.v1+json || application/json]}" onto public java.lang.Object org.springframework.boot.actuate.endpoint.mvc.HealthMvcEndpoint.invoke(javax.servlet.http.HttpServletRequest,java.security.Principal)
2018-09-05 17:31:26,183 INFO o.a.c.w.s.f.ReflectionServiceFactoryBean [main] Creating Service {/GoodSoap_V1.0}GoodSoap from class com.example.controller.SoapController
2018-09-05 17:31:28,186 INFO o.a.c.e.ServerImpl [main] Setting the server's publish address to be /GoodSoap
2018-09-05 17:31:29,337 INFO o.s.w.s.m.m.a.RequestMappingHandlerAdapter [main] Looking for @ControllerAdvice: org.springframework.boot.context.embedded.AnnotationConfigEmbeddedWebApplicationContext@379396a8: startup date [Wed Sep 05 17:31:02 IST 2018]; root of context hierarchy
2018-09-05 17:31:29,374 INFO o.s.w.s.m.m.a.RequestMappingHandlerAdapter [main] Detected ResponseBodyAdvice bean in org.springframework.boot.actuate.autoconfigure.EndpointWebMvcHypermediaManagementContextConfiguration$ActuatorEndpointLinksAdvice
2018-09-05 17:31:29,512 INFO o.s.w.s.h.AbstractUrlHandlerMapping [main] Mapped URL path [/webjars/**] onto handler of type [class org.springframework.web.servlet.resource.ResourceHttpRequestHandler]
2018-09-05 17:31:29,512 INFO o.s.w.s.h.AbstractUrlHandlerMapping [main] Mapped URL path [/**] onto handler of type [class org.springframework.web.servlet.resource.ResourceHttpRequestHandler]
2018-09-05 17:31:29,545 INFO o.s.w.s.m.m.a.ExceptionHandlerExceptionResolver [main] Detected @ExceptionHandler methods in customizedResponseEntityExceptionHandler
2018-09-05 17:31:29,546 INFO o.s.w.s.m.m.a.ExceptionHandlerExceptionResolver [main] Detected @ExceptionHandler methods in repositoryRestExceptionHandler
2018-09-05 17:31:29,547 INFO o.s.w.s.m.m.a.ExceptionHandlerExceptionResolver [main] Detected ResponseBodyAdvice implementation in org.springframework.boot.actuate.autoconfigure.EndpointWebMvcHypermediaManagementContextConfiguration$ActuatorEndpointLinksAdvice
2018-09-05 17:31:29,667 INFO o.s.w.s.h.AbstractUrlHandlerMapping [main] Mapped URL path [/**/favicon.ico] onto handler of type [class org.springframework.web.servlet.resource.ResourceHttpRequestHandler]
2018-09-05 17:31:29,970 INFO o.s.w.s.m.m.a.RequestMappingHandlerAdapter [main] Looking for @ControllerAdvice: org.springframework.boot.context.embedded.AnnotationConfigEmbeddedWebApplicationContext@379396a8: startup date [Wed Sep 05 17:31:02 IST 2018]; root of context hierarchy
2018-09-05 17:31:29,980 INFO o.s.w.s.m.m.a.RequestMappingHandlerAdapter [main] Detected ResponseBodyAdvice bean in org.springframework.boot.actuate.autoconfigure.EndpointWebMvcHypermediaManagementContextConfiguration$ActuatorEndpointLinksAdvice
2018-09-05 17:31:30,001 INFO o.s.w.s.h.AbstractHandlerMethodMapping$MappingRegistry [main] Mapped "{[/ || ],methods=[OPTIONS],produces=[application/hal+json || application/json]}" onto public org.springframework.http.HttpEntity<?> org.springframework.data.rest.webmvc.RepositoryController.optionsForRepositories()
2018-09-05 17:31:30,002 INFO o.s.w.s.h.AbstractHandlerMethodMapping$MappingRegistry [main] Mapped "{[/ || ],methods=[HEAD],produces=[application/hal+json || application/json]}" onto public org.springframework.http.ResponseEntity<?> org.springframework.data.rest.webmvc.RepositoryController.headForRepositories()
2018-09-05 17:31:30,003 INFO o.s.w.s.h.AbstractHandlerMethodMapping$MappingRegistry [main] Mapped "{[/ || ],methods=[GET],produces=[application/hal+json || application/json]}" onto public org.springframework.http.HttpEntity<org.springframework.data.rest.webmvc.RepositoryLinksResource> org.springframework.data.rest.webmvc.RepositoryController.listRepositories()
2018-09-05 17:31:30,006 INFO o.s.w.s.h.AbstractHandlerMethodMapping$MappingRegistry [main] Mapped "{[/{repository}],methods=[OPTIONS],produces=[application/hal+json || application/json]}" onto public org.springframework.http.ResponseEntity<?> org.springframework.data.rest.webmvc.RepositoryEntityController.optionsForCollectionResource(org.springframework.data.rest.webmvc.RootResourceInformation)
2018-09-05 17:31:30,007 INFO o.s.w.s.h.AbstractHandlerMethodMapping$MappingRegistry [main] Mapped "{[/{repository}],methods=[HEAD],produces=[application/hal+json || application/json]}" onto public org.springframework.http.ResponseEntity<?> org.springframework.data.rest.webmvc.RepositoryEntityController.headCollectionResource(org.springframework.data.rest.webmvc.RootResourceInformation,org.springframework.data.rest.webmvc.support.DefaultedPageable) throws org.springframework.web.HttpRequestMethodNotSupportedException
2018-09-05 17:31:30,009 INFO o.s.w.s.h.AbstractHandlerMethodMapping$MappingRegistry [main] Mapped "{[/{repository}],methods=[GET],produces=[application/hal+json || application/json]}" onto public org.springframework.hateoas.Resources<?> org.springframework.data.rest.webmvc.RepositoryEntityController.getCollectionResource(org.springframework.data.rest.webmvc.RootResourceInformation,org.springframework.data.rest.webmvc.support.DefaultedPageable,org.springframework.data.domain.Sort,org.springframework.data.rest.webmvc.PersistentEntityResourceAssembler) throws org.springframework.data.rest.webmvc.ResourceNotFoundException,org.springframework.web.HttpRequestMethodNotSupportedException
2018-09-05 17:31:30,010 INFO o.s.w.s.h.AbstractHandlerMethodMapping$MappingRegistry [main] Mapped "{[/{repository}],methods=[GET],produces=[application/x-spring-data-compact+json || text/uri-list]}" onto public org.springframework.hateoas.Resources<?> org.springframework.data.rest.webmvc.RepositoryEntityController.getCollectionResourceCompact(org.springframework.data.rest.webmvc.RootResourceInformation,org.springframework.data.rest.webmvc.support.DefaultedPageable,org.springframework.data.domain.Sort,org.springframework.data.rest.webmvc.PersistentEntityResourceAssembler) throws org.springframework.data.rest.webmvc.ResourceNotFoundException,org.springframework.web.HttpRequestMethodNotSupportedException
2018-09-05 17:31:30,011 INFO o.s.w.s.h.AbstractHandlerMethodMapping$MappingRegistry [main] Mapped "{[/{repository}],methods=[POST],produces=[application/hal+json || application/json]}" onto public org.springframework.http.ResponseEntity<org.springframework.hateoas.ResourceSupport> org.springframework.data.rest.webmvc.RepositoryEntityController.postCollectionResource(org.springframework.data.rest.webmvc.RootResourceInformation,org.springframework.data.rest.webmvc.PersistentEntityResource,org.springframework.data.rest.webmvc.PersistentEntityResourceAssembler,java.lang.String) throws org.springframework.web.HttpRequestMethodNotSupportedException
2018-09-05 17:31:30,012 INFO o.s.w.s.h.AbstractHandlerMethodMapping$MappingRegistry [main] Mapped "{[/{repository}/{id}],methods=[OPTIONS],produces=[application/hal+json || application/json]}" onto public org.springframework.http.ResponseEntity<?> org.springframework.data.rest.webmvc.RepositoryEntityController.optionsForItemResource(org.springframework.data.rest.webmvc.RootResourceInformation)
2018-09-05 17:31:30,013 INFO o.s.w.s.h.AbstractHandlerMethodMapping$MappingRegistry [main] Mapped "{[/{repository}/{id}],methods=[HEAD],produces=[application/hal+json || application/json]}" onto public org.springframework.http.ResponseEntity<?> org.springframework.data.rest.webmvc.RepositoryEntityController.headForItemResource(org.springframework.data.rest.webmvc.RootResourceInformation,java.io.Serializable,org.springframework.data.rest.webmvc.PersistentEntityResourceAssembler) throws org.springframework.web.HttpRequestMethodNotSupportedException
2018-09-05 17:31:30,014 INFO o.s.w.s.h.AbstractHandlerMethodMapping$MappingRegistry [main] Mapped "{[/{repository}/{id}],methods=[PATCH],produces=[application/hal+json || application/json]}" onto public org.springframework.http.ResponseEntity<org.springframework.hateoas.ResourceSupport> org.springframework.data.rest.webmvc.RepositoryEntityController.patchItemResource(org.springframework.data.rest.webmvc.RootResourceInformation,org.springframework.data.rest.webmvc.PersistentEntityResource,java.io.Serializable,org.springframework.data.rest.webmvc.PersistentEntityResourceAssembler,org.springframework.data.rest.webmvc.support.ETag,java.lang.String) throws org.springframework.web.HttpRequestMethodNotSupportedException,org.springframework.data.rest.webmvc.ResourceNotFoundException
2018-09-05 17:31:30,016 INFO o.s.w.s.h.AbstractHandlerMethodMapping$MappingRegistry [main] Mapped "{[/{repository}/{id}],methods=[DELETE],produces=[application/hal+json || application/json]}" onto public org.springframework.http.ResponseEntity<?> org.springframework.data.rest.webmvc.RepositoryEntityController.deleteItemResource(org.springframework.data.rest.webmvc.RootResourceInformation,java.io.Serializable,org.springframework.data.rest.webmvc.support.ETag) throws org.springframework.data.rest.webmvc.ResourceNotFoundException,org.springframework.web.HttpRequestMethodNotSupportedException
2018-09-05 17:31:30,017 INFO o.s.w.s.h.AbstractHandlerMethodMapping$MappingRegistry [main] Mapped "{[/{repository}/{id}],methods=[GET],produces=[application/hal+json || application/json]}" onto public org.springframework.http.ResponseEntity<org.springframework.hateoas.Resource<?>> org.springframework.data.rest.webmvc.RepositoryEntityController.getItemResource(org.springframework.data.rest.webmvc.RootResourceInformation,java.io.Serializable,org.springframework.data.rest.webmvc.PersistentEntityResourceAssembler,org.springframework.http.HttpHeaders) throws org.springframework.web.HttpRequestMethodNotSupportedException
2018-09-05 17:31:30,018 INFO o.s.w.s.h.AbstractHandlerMethodMapping$MappingRegistry [main] Mapped "{[/{repository}/{id}],methods=[PUT],produces=[application/hal+json || application/json]}" onto public org.springframework.http.ResponseEntity<? extends org.springframework.hateoas.ResourceSupport> org.springframework.data.rest.webmvc.RepositoryEntityController.putItemResource(org.springframework.data.rest.webmvc.RootResourceInformation,org.springframework.data.rest.webmvc.PersistentEntityResource,java.io.Serializable,org.springframework.data.rest.webmvc.PersistentEntityResourceAssembler,org.springframework.data.rest.webmvc.support.ETag,java.lang.String) throws org.springframework.web.HttpRequestMethodNotSupportedException
2018-09-05 17:31:30,020 INFO o.s.w.s.h.AbstractHandlerMethodMapping$MappingRegistry [main] Mapped "{[/{repository}/search],methods=[OPTIONS],produces=[application/hal+json || application/json]}" onto public org.springframework.http.HttpEntity<?> org.springframework.data.rest.webmvc.RepositorySearchController.optionsForSearches(org.springframework.data.rest.webmvc.RootResourceInformation)
2018-09-05 17:31:30,021 INFO o.s.w.s.h.AbstractHandlerMethodMapping$MappingRegistry [main] Mapped "{[/{repository}/search/{search}],methods=[GET],produces=[application/x-spring-data-compact+json]}" onto public org.springframework.hateoas.ResourceSupport org.springframework.data.rest.webmvc.RepositorySearchController.executeSearchCompact(org.springframework.data.rest.webmvc.RootResourceInformation,org.springframework.http.HttpHeaders,org.springframework.util.MultiValueMap<java.lang.String, java.lang.Object>,java.lang.String,java.lang.String,org.springframework.data.rest.webmvc.support.DefaultedPageable,org.springframework.data.domain.Sort,org.springframework.data.rest.webmvc.PersistentEntityResourceAssembler)
2018-09-05 17:31:30,022 INFO o.s.w.s.h.AbstractHandlerMethodMapping$MappingRegistry [main] Mapped "{[/{repository}/search/{search}],methods=[GET],produces=[application/hal+json || application/json]}" onto public org.springframework.http.ResponseEntity<?> org.springframework.data.rest.webmvc.RepositorySearchController.executeSearch(org.springframework.data.rest.webmvc.RootResourceInformation,org.springframework.util.MultiValueMap<java.lang.String, java.lang.Object>,java.lang.String,org.springframework.data.rest.webmvc.support.DefaultedPageable,org.springframework.data.domain.Sort,org.springframework.data.rest.webmvc.PersistentEntityResourceAssembler,org.springframework.http.HttpHeaders)
2018-09-05 17:31:30,023 INFO o.s.w.s.h.AbstractHandlerMethodMapping$MappingRegistry [main] Mapped "{[/{repository}/search/{search}],methods=[HEAD],produces=[application/hal+json || application/json]}" onto public org.springframework.http.ResponseEntity<java.lang.Object> org.springframework.data.rest.webmvc.RepositorySearchController.headForSearch(org.springframework.data.rest.webmvc.RootResourceInformation,java.lang.String)
2018-09-05 17:31:30,024 INFO o.s.w.s.h.AbstractHandlerMethodMapping$MappingRegistry [main] Mapped "{[/{repository}/search/{search}],methods=[OPTIONS],produces=[application/hal+json || application/json]}" onto public org.springframework.http.ResponseEntity<java.lang.Object> org.springframework.data.rest.webmvc.RepositorySearchController.optionsForSearch(org.springframework.data.rest.webmvc.RootResourceInformation,java.lang.String)
2018-09-05 17:31:30,025 INFO o.s.w.s.h.AbstractHandlerMethodMapping$MappingRegistry [main] Mapped "{[/{repository}/search],methods=[GET],produces=[application/hal+json || application/json]}" onto public org.springframework.data.rest.webmvc.RepositorySearchesResource org.springframework.data.rest.webmvc.RepositorySearchController.listSearches(org.springframework.data.rest.webmvc.RootResourceInformation)
2018-09-05 17:31:30,026 INFO o.s.w.s.h.AbstractHandlerMethodMapping$MappingRegistry [main] Mapped "{[/{repository}/search],methods=[HEAD],produces=[application/hal+json || application/json]}" onto public org.springframework.http.HttpEntity<?> org.springframework.data.rest.webmvc.RepositorySearchController.headForSearches(org.springframework.data.rest.webmvc.RootResourceInformation)
2018-09-05 17:31:30,028 INFO o.s.w.s.h.AbstractHandlerMethodMapping$MappingRegistry [main] Mapped "{[/{repository}/{id}/{property}],methods=[GET],produces=[application/hal+json || application/json]}" onto public org.springframework.http.ResponseEntity<org.springframework.hateoas.ResourceSupport> org.springframework.data.rest.webmvc.RepositoryPropertyReferenceController.followPropertyReference(org.springframework.data.rest.webmvc.RootResourceInformation,java.io.Serializable,java.lang.String,org.springframework.data.rest.webmvc.PersistentEntityResourceAssembler) throws java.lang.Exception
2018-09-05 17:31:30,029 INFO o.s.w.s.h.AbstractHandlerMethodMapping$MappingRegistry [main] Mapped "{[/{repository}/{id}/{property}/{propertyId}],methods=[GET],produces=[application/hal+json || application/json]}" onto public org.springframework.http.ResponseEntity<org.springframework.hateoas.ResourceSupport> org.springframework.data.rest.webmvc.RepositoryPropertyReferenceController.followPropertyReference(org.springframework.data.rest.webmvc.RootResourceInformation,java.io.Serializable,java.lang.String,java.lang.String,org.springframework.data.rest.webmvc.PersistentEntityResourceAssembler) throws java.lang.Exception
2018-09-05 17:31:30,030 INFO o.s.w.s.h.AbstractHandlerMethodMapping$MappingRegistry [main] Mapped "{[/{repository}/{id}/{property}],methods=[DELETE],produces=[application/hal+json || application/json]}" onto public org.springframework.http.ResponseEntity<? extends org.springframework.hateoas.ResourceSupport> org.springframework.data.rest.webmvc.RepositoryPropertyReferenceController.deletePropertyReference(org.springframework.data.rest.webmvc.RootResourceInformation,java.io.Serializable,java.lang.String) throws java.lang.Exception
2018-09-05 17:31:30,030 INFO o.s.w.s.h.AbstractHandlerMethodMapping$MappingRegistry [main] Mapped "{[/{repository}/{id}/{property}],methods=[GET],produces=[application/x-spring-data-compact+json || text/uri-list]}" onto public org.springframework.http.ResponseEntity<org.springframework.hateoas.ResourceSupport> org.springframework.data.rest.webmvc.RepositoryPropertyReferenceController.followPropertyReferenceCompact(org.springframework.data.rest.webmvc.RootResourceInformation,java.io.Serializable,java.lang.String,org.springframework.data.rest.webmvc.PersistentEntityResourceAssembler) throws java.lang.Exception
2018-09-05 17:31:30,031 INFO o.s.w.s.h.AbstractHandlerMethodMapping$MappingRegistry [main] Mapped "{[/{repository}/{id}/{property}],methods=[PATCH || PUT || POST],consumes=[application/json || application/x-spring-data-compact+json || text/uri-list],produces=[application/hal+json || application/json]}" onto public org.springframework.http.ResponseEntity<? extends org.springframework.hateoas.ResourceSupport> org.springframework.data.rest.webmvc.RepositoryPropertyReferenceController.createPropertyReference(org.springframework.data.rest.webmvc.RootResourceInformation,org.springframework.http.HttpMethod,org.springframework.hateoas.Resources<java.lang.Object>,java.io.Serializable,java.lang.String) throws java.lang.Exception
2018-09-05 17:31:30,033 INFO o.s.w.s.h.AbstractHandlerMethodMapping$MappingRegistry [main] Mapped "{[/{repository}/{id}/{property}/{propertyId}],methods=[DELETE],produces=[application/hal+json || application/json]}" onto public org.springframework.http.ResponseEntity<org.springframework.hateoas.ResourceSupport> org.springframework.data.rest.webmvc.RepositoryPropertyReferenceController.deletePropertyReferenceId(org.springframework.data.rest.webmvc.RootResourceInformation,java.io.Serializable,java.lang.String,java.lang.String) throws java.lang.Exception
2018-09-05 17:31:30,040 INFO o.s.w.s.h.AbstractHandlerMethodMapping$MappingRegistry [main] Mapped "{[/profile/{repository}],methods=[GET],produces=[application/alps+json || */*]}" onto org.springframework.http.HttpEntity<org.springframework.data.rest.webmvc.RootResourceInformation> org.springframework.data.rest.webmvc.alps.AlpsController.descriptor(org.springframework.data.rest.webmvc.RootResourceInformation)
2018-09-05 17:31:30,041 INFO o.s.w.s.h.AbstractHandlerMethodMapping$MappingRegistry [main] Mapped "{[/profile/{repository}],methods=[OPTIONS],produces=[application/alps+json]}" onto org.springframework.http.HttpEntity<?> org.springframework.data.rest.webmvc.alps.AlpsController.alpsOptions()
2018-09-05 17:31:30,042 INFO o.s.w.s.h.AbstractHandlerMethodMapping$MappingRegistry [main] Mapped "{[/profile/{repository}],methods=[GET],produces=[application/schema+json]}" onto public org.springframework.http.HttpEntity<org.springframework.data.rest.webmvc.json.JsonSchema> org.springframework.data.rest.webmvc.RepositorySchemaController.schema(org.springframework.data.rest.webmvc.RootResourceInformation)
2018-09-05 17:31:30,043 INFO o.s.w.s.h.AbstractHandlerMethodMapping$MappingRegistry [main] Mapped "{[/profile],methods=[GET]}" onto org.springframework.http.HttpEntity<org.springframework.hateoas.ResourceSupport> org.springframework.data.rest.webmvc.ProfileController.listAllFormsOfMetadata()
2018-09-05 17:31:30,043 INFO o.s.w.s.h.AbstractHandlerMethodMapping$MappingRegistry [main] Mapped "{[/profile],methods=[OPTIONS]}" onto public org.springframework.http.HttpEntity<?> org.springframework.data.rest.webmvc.ProfileController.profileOptions()
2018-09-05 17:31:30,511 INFO o.s.j.e.MBeanExporter [main] Registering beans for JMX exposure on startup
2018-09-05 17:31:30,523 INFO o.s.j.e.MBeanExporter [main] Registering beans for JMX exposure on startup
2018-09-05 17:31:30,553 INFO o.s.c.s.DefaultLifecycleProcessor$LifecycleGroup [main] Starting beans in phase 0
2018-09-05 17:31:30,557 INFO o.s.j.e.MBeanExporter [main] Located managed bean 'auditEventsEndpoint': registering with JMX server as MBean [org.springframework.boot:type=Endpoint,name=auditEventsEndpoint]
2018-09-05 17:31:30,594 INFO o.s.j.e.MBeanExporter [main] Located managed bean 'requestMappingEndpoint': registering with JMX server as MBean [org.springframework.boot:type=Endpoint,name=requestMappingEndpoint]
2018-09-05 17:31:30,621 INFO o.s.j.e.MBeanExporter [main] Located managed bean 'environmentEndpoint': registering with JMX server as MBean [org.springframework.boot:type=Endpoint,name=environmentEndpoint]
2018-09-05 17:31:30,633 INFO o.s.j.e.MBeanExporter [main] Located managed bean 'healthEndpoint': registering with JMX server as MBean [org.springframework.boot:type=Endpoint,name=healthEndpoint]
2018-09-05 17:31:30,648 INFO o.s.j.e.MBeanExporter [main] Located managed bean 'beansEndpoint': registering with JMX server as MBean [org.springframework.boot:type=Endpoint,name=beansEndpoint]
2018-09-05 17:31:30,670 INFO o.s.j.e.MBeanExporter [main] Located managed bean 'infoEndpoint': registering with JMX server as MBean [org.springframework.boot:type=Endpoint,name=infoEndpoint]
2018-09-05 17:31:30,676 INFO o.s.j.e.MBeanExporter [main] Located managed bean 'loggersEndpoint': registering with JMX server as MBean [org.springframework.boot:type=Endpoint,name=loggersEndpoint]
2018-09-05 17:31:30,694 INFO o.s.j.e.MBeanExporter [main] Located managed bean 'metricsEndpoint': registering with JMX server as MBean [org.springframework.boot:type=Endpoint,name=metricsEndpoint]
2018-09-05 17:31:30,699 INFO o.s.j.e.MBeanExporter [main] Located managed bean 'traceEndpoint': registering with JMX server as MBean [org.springframework.boot:type=Endpoint,name=traceEndpoint]
2018-09-05 17:31:30,703 INFO o.s.j.e.MBeanExporter [main] Located managed bean 'dumpEndpoint': registering with JMX server as MBean [org.springframework.boot:type=Endpoint,name=dumpEndpoint]
2018-09-05 17:31:30,708 INFO o.s.j.e.MBeanExporter [main] Located managed bean 'autoConfigurationReportEndpoint': registering with JMX server as MBean [org.springframework.boot:type=Endpoint,name=autoConfigurationReportEndpoint]
2018-09-05 17:31:30,717 INFO o.s.j.e.MBeanExporter [main] Located managed bean 'configurationPropertiesReportEndpoint': registering with JMX server as MBean [org.springframework.boot:type=Endpoint,name=configurationPropertiesReportEndpoint]
2018-09-05 17:31:30,752 INFO s.d.s.w.p.DocumentationPluginsBootstrapper [main] Context refreshed
2018-09-05 17:31:30,838 INFO s.d.s.w.p.DocumentationPluginsBootstrapper [main] Found 1 custom documentation plugin(s)
2018-09-05 17:31:30,858 INFO s.d.s.w.s.ApiListingReferenceScanner [main] Scanning for api listing references
2018-09-05 17:31:31,074 INFO s.d.s.w.r.o.CachingOperationNameGenerator [main] Generating unique operation named: findByPrincipalAndAfterAndTypeUsingGET_1
2018-09-05 17:31:31,255 INFO s.d.s.w.r.o.CachingOperationNameGenerator [main] Generating unique operation named: invokeUsingGET_1
2018-09-05 17:31:31,259 INFO s.d.s.w.r.o.CachingOperationNameGenerator [main] Generating unique operation named: invokeUsingGET_2
2018-09-05 17:31:31,262 INFO s.d.s.w.r.o.CachingOperationNameGenerator [main] Generating unique operation named: invokeUsingGET_3
2018-09-05 17:31:31,265 INFO s.d.s.w.r.o.CachingOperationNameGenerator [main] Generating unique operation named: invokeUsingGET_4
2018-09-05 17:31:31,267 INFO s.d.s.w.r.o.CachingOperationNameGenerator [main] Generating unique operation named: invokeUsingGET_5
2018-09-05 17:31:31,271 INFO s.d.s.w.r.o.CachingOperationNameGenerator [main] Generating unique operation named: invokeUsingGET_6
2018-09-05 17:31:31,275 INFO s.d.s.w.r.o.CachingOperationNameGenerator [main] Generating unique operation named: invokeUsingGET_7
2018-09-05 17:31:31,278 INFO s.d.s.w.r.o.CachingOperationNameGenerator [main] Generating unique operation named: invokeUsingGET_8
2018-09-05 17:31:31,281 INFO s.d.s.w.r.o.CachingOperationNameGenerator [main] Generating unique operation named: invokeUsingGET_9
2018-09-05 17:31:31,284 INFO s.d.s.w.r.o.CachingOperationNameGenerator [main] Generating unique operation named: invokeUsingGET_10
2018-09-05 17:31:31,287 INFO s.d.s.w.r.o.CachingOperationNameGenerator [main] Generating unique operation named: invokeUsingGET_11
2018-09-05 17:31:31,290 INFO s.d.s.w.r.o.CachingOperationNameGenerator [main] Generating unique operation named: invokeUsingGET_12
2018-09-05 17:31:31,292 INFO s.d.s.w.r.o.CachingOperationNameGenerator [main] Generating unique operation named: invokeUsingGET_13
2018-09-05 17:31:31,298 INFO s.d.s.w.r.o.CachingOperationNameGenerator [main] Generating unique operation named: invokeUsingGET_14
2018-09-05 17:31:31,301 INFO s.d.s.w.r.o.CachingOperationNameGenerator [main] Generating unique operation named: invokeUsingGET_15
2018-09-05 17:31:31,342 INFO s.d.s.w.r.o.CachingOperationNameGenerator [main] Generating unique operation named: linksUsingGET_1
2018-09-05 17:31:31,352 INFO s.d.s.w.r.o.CachingOperationNameGenerator [main] Generating unique operation named: invokeUsingGET_16
2018-09-05 17:31:31,355 INFO s.d.s.w.r.o.CachingOperationNameGenerator [main] Generating unique operation named: invokeUsingGET_17
2018-09-05 17:31:31,370 INFO s.d.s.w.r.o.CachingOperationNameGenerator [main] Generating unique operation named: invokeUsingGET_18
2018-09-05 17:31:31,374 INFO s.d.s.w.r.o.CachingOperationNameGenerator [main] Generating unique operation named: invokeUsingGET_19
2018-09-05 17:31:31,391 INFO s.d.s.w.r.o.CachingOperationNameGenerator [main] Generating unique operation named: invokeUsingGET_20
2018-09-05 17:31:31,395 INFO s.d.s.w.r.o.CachingOperationNameGenerator [main] Generating unique operation named: invokeUsingGET_21
2018-09-05 17:31:31,410 INFO s.d.s.w.r.o.CachingOperationNameGenerator [main] Generating unique operation named: invokeUsingGET_22
2018-09-05 17:31:31,413 INFO s.d.s.w.r.o.CachingOperationNameGenerator [main] Generating unique operation named: invokeUsingGET_23
2018-09-05 17:31:31,418 INFO s.d.s.w.r.o.CachingOperationNameGenerator [main] Generating unique operation named: valueUsingGET_1
2018-09-05 17:31:31,567 INFO o.a.j.l.DirectJDKLog [main] Initializing ProtocolHandler ["http-nio-8181"]
2018-09-05 17:31:31,594 INFO o.a.j.l.DirectJDKLog [main] Starting ProtocolHandler ["http-nio-8181"]
2018-09-05 17:31:31,661 INFO o.a.j.l.DirectJDKLog [main] Using a shared selector for servlet write/read
2018-09-05 17:31:31,725 INFO o.s.b.c.e.t.TomcatEmbeddedServletContainer [main] Tomcat started on port(s): 8181 (http)
2018-09-05 17:31:31,736 INFO o.s.b.StartupInfoLogger [main] Started GoodTestApplication in 31.123 seconds (JVM running for 51.651)
2018-09-05 17:31:31,737 INFO c.e.GoodTestApplication [main]  Started  app
2018-09-05 17:35:32,984 INFO o.a.j.l.DirectJDKLog [http-nio-8181-exec-4] Initializing Spring FrameworkServlet 'dispatcherServlet'
2018-09-05 17:35:32,985 INFO o.s.w.s.FrameworkServlet [http-nio-8181-exec-4] FrameworkServlet 'dispatcherServlet': initialization started
2018-09-05 17:35:33,017 INFO o.s.w.s.FrameworkServlet [http-nio-8181-exec-4] FrameworkServlet 'dispatcherServlet': initialization completed in 32 ms
2018-09-05 17:35:33,164 INFO c.e.c.RestControllers [http-nio-8181-exec-4] getAllUsers info
